{"name": "User can see all buttons on Settings Page", "status": "broken", "statusDetails": {"message": "selenium.common.exceptions.TimeoutException: Message: Element by ('xpath', \"//a[@href='/settings']\") not clickable\nStacktrace:\n\tGetHandleVerifier [0x00FDEBD3+24307]\n\t(No symbol) [0x00F68D74]\n\t(No symbol) [0x00E4C323]\n\t(No symbol) [0x00E8DC86]\n\t(No symbol) [0x00E8DECB]\n\t(No symbol) [0x00ECB9F2]\n\t(No symbol) [0x00EAFED4]\n\t(No symbol) [0x00EC9579]\n\t(No symbol) [0x00EAFC26]\n\t(No symbol) [0x00E8219C]\n\t(No symbol) [0x00E8311D]\n\tGetHandleVerifier [0x01288D93+2818227]\n\tGetHandleVerifier [0x012E542E+3196750]\n\tGetHandleVerifier [0x012DD9D2+3165426]\n\tGetHandleVerifier [0x0107DA70+675216]\n\t(No symbol) [0x00F71B3D]\n\t(No symbol) [0x00F6EA18]\n\t(No symbol) [0x00F6EBB5]\n\t(No symbol) [0x00F61640]\n\tBaseThreadInitThunk [0x7721FCC9+25]\n\tRtlGetAppContainerNamedObjectPath [0x776E809E+286]\n\tRtlGetAppContainerNamedObjectPath [0x776E806E+238]\n\n", "trace": "  File \"C:\\Users\\parad\\OneDrive\\Desktop\\internship_project_reelly\\venv\\Lib\\site-packages\\behave\\model.py\", line 1329, in run\n    match.run(runner.context)\n  File \"C:\\Users\\parad\\OneDrive\\Desktop\\internship_project_reelly\\venv\\Lib\\site-packages\\behave\\matchers.py\", line 98, in run\n    self.func(context, *args, **kwargs)\n  File \"features\\steps\\main_page_steps.py\", line 9, in go_to_settings\n    context.app.main_page.go_to_settings()\n  File \"C:\\Users\\parad\\OneDrive\\Desktop\\internship_project_reelly\\pages\\main_page.py\", line 15, in go_to_settings\n    self.wait_to_be_clickable_click(*self.SETTINGS_BTN)\n  File \"C:\\Users\\parad\\OneDrive\\Desktop\\internship_project_reelly\\pages\\base_page.py\", line 42, in wait_to_be_clickable_click\n    self.wait.until(\n  File \"C:\\Users\\parad\\OneDrive\\Desktop\\internship_project_reelly\\venv\\Lib\\site-packages\\selenium\\webdriver\\support\\wait.py\", line 105, in until\n    raise TimeoutException(message, screen, stacktrace)\n"}, "steps": [{"name": "Given Open Reelly Page", "status": "passed", "start": 1731971489531, "stop": 1731971492465}, {"name": "And Log In", "status": "passed", "start": 1731971492465, "stop": 1731971500842}, {"name": "When Go to Settings", "status": "broken", "statusDetails": {"message": "selenium.common.exceptions.TimeoutException: Message: Element by ('xpath', \"//a[@href='/settings']\") not clickable\nStacktrace:\n\tGetHandleVerifier [0x00FDEBD3+24307]\n\t(No symbol) [0x00F68D74]\n\t(No symbol) [0x00E4C323]\n\t(No symbol) [0x00E8DC86]\n\t(No symbol) [0x00E8DECB]\n\t(No symbol) [0x00ECB9F2]\n\t(No symbol) [0x00EAFED4]\n\t(No symbol) [0x00EC9579]\n\t(No symbol) [0x00EAFC26]\n\t(No symbol) [0x00E8219C]\n\t(No symbol) [0x00E8311D]\n\tGetHandleVerifier [0x01288D93+2818227]\n\tGetHandleVerifier [0x012E542E+3196750]\n\tGetHandleVerifier [0x012DD9D2+3165426]\n\tGetHandleVerifier [0x0107DA70+675216]\n\t(No symbol) [0x00F71B3D]\n\t(No symbol) [0x00F6EA18]\n\t(No symbol) [0x00F6EBB5]\n\t(No symbol) [0x00F61640]\n\tBaseThreadInitThunk [0x7721FCC9+25]\n\tRtlGetAppContainerNamedObjectPath [0x776E809E+286]\n\tRtlGetAppContainerNamedObjectPath [0x776E806E+238]\n\n", "trace": "  File \"C:\\Users\\parad\\OneDrive\\Desktop\\internship_project_reelly\\venv\\Lib\\site-packages\\behave\\model.py\", line 1329, in run\n    match.run(runner.context)\n  File \"C:\\Users\\parad\\OneDrive\\Desktop\\internship_project_reelly\\venv\\Lib\\site-packages\\behave\\matchers.py\", line 98, in run\n    self.func(context, *args, **kwargs)\n  File \"features\\steps\\main_page_steps.py\", line 9, in go_to_settings\n    context.app.main_page.go_to_settings()\n  File \"C:\\Users\\parad\\OneDrive\\Desktop\\internship_project_reelly\\pages\\main_page.py\", line 15, in go_to_settings\n    self.wait_to_be_clickable_click(*self.SETTINGS_BTN)\n  File \"C:\\Users\\parad\\OneDrive\\Desktop\\internship_project_reelly\\pages\\base_page.py\", line 42, in wait_to_be_clickable_click\n    self.wait.until(\n  File \"C:\\Users\\parad\\OneDrive\\Desktop\\internship_project_reelly\\venv\\Lib\\site-packages\\selenium\\webdriver\\support\\wait.py\", line 105, in until\n    raise TimeoutException(message, screen, stacktrace)\n"}, "start": 1731971500843, "stop": 1731971513974}, {"name": "Then Verify the right page opens", "status": "skipped", "start": 1731971516589, "stop": 1731971516589}, {"name": "And Verify there are 12 options for the settings", "status": "skipped", "start": 1731971516589, "stop": 1731971516589}, {"name": "And Verify \"connect the company\" button is available", "status": "skipped", "start": 1731971516589, "stop": 1731971516589}], "start": 1731971478331, "stop": 1731971516589, "uuid": "ab77f5e7-1b6a-4ccd-8d19-a83f9a3d45e3", "historyId": "ed463e4c8ba593e94b0d460e225cca5f", "fullName": "Test Scenarios for Settings Page: User can see all buttons on Settings Page", "labels": [{"name": "severity", "value": "normal"}, {"name": "feature", "value": "Test Scenarios for Settings Page"}, {"name": "framework", "value": "behave"}, {"name": "language", "value": "cpython3"}]}